1542707140701	mozrunner::runner	INFO	Running command: "C:\\Program Files\\Mozilla Firefox\\firefox.exe" "-marionette" "-foreground" "-no-remote" "-profile" "C:\\Users\\qwzhang\\AppData\\Local\\Temp\\rust_mozprofile.acBv4jRlMAwl"
1542707149697	Marionette	INFO	Listening on port 55498
1542707150190	Marionette	WARN	TLS certificate errors will be ignored for this session
JavaScript warning: https://mcmp.suning.com/mcmp/webstatic/js/plugins/tinymce/js/plugins/preview/plugin.min.js, line 12: unreachable code after return statement
console.error: BroadcastService: 
  receivedBroadcastMessage: handler for
  remote-settings/monitor_changes
  threw error:
  Message: Error: Polling for changes failed: NetworkError when attempting to fetch resource..
  Stack:
    remoteSettingsFunction/remoteSettings.pollChanges@resource://services-settings/remote-settings.js:721:13

JavaScript warning: https://mcmp.suning.com/mcmp/webstatic/plugins/uploadify-3.2/jquery.uploadify.min.js, line 914: unreachable code after return statement
1542717939127	Marionette	INFO	Stopped listening on port 55498

###!!! [Child][MessageChannel::SendAndWait] Error: Channel error: cannot send/recv

1542717951775	mozrunner::runner	INFO	Running command: "C:\\Program Files\\Mozilla Firefox\\firefox.exe" "-marionette" "-foreground" "-no-remote" "-profile" "C:\\Users\\qwzhang\\AppData\\Local\\Temp\\rust_mozprofile.OEqOMml0OXsK"
1542717958848	Marionette	INFO	Listening on port 59643
1542717959202	Marionette	WARN	TLS certificate errors will be ignored for this session
console.error: BroadcastService: 
  receivedBroadcastMessage: handler for
  remote-settings/monitor_changes
  threw error:
  Message: Error: Polling for changes failed: NetworkError when attempting to fetch resource..
  Stack:
    remoteSettingsFunction/remoteSettings.pollChanges@resource://services-settings/remote-settings.js:721:13

JavaScript warning: https://mcmp.suning.com/mcmp/webstatic/js/plugins/tinymce/js/plugins/preview/plugin.min.js, line 12: unreachable code after return statement
1542718200074	mozrunner::runner	INFO	Running command: "C:\\Program Files\\Mozilla Firefox\\firefox.exe" "-marionette" "-foreground" "-no-remote" "-profile" "C:\\Users\\qwzhang\\AppData\\Local\\Temp\\rust_mozprofile.37ENYRXGMu4i"
[Parent 3912, Gecko_IOThread] WARNING: pipe error: 109: file z:/build/build/src/ipc/chromium/src/chrome/common/ipc_channel_win.cc, line 346
1542718209188	Marionette	INFO	Listening on port 59877
1542718209204	Marionette	WARN	TLS certificate errors will be ignored for this session
console.error: BroadcastService: 
  receivedBroadcastMessage: handler for
  remote-settings/monitor_changes
  threw error:
  Message: Error: Polling for changes failed: NetworkError when attempting to fetch resource..
  Stack:
    remoteSettingsFunction/remoteSettings.pollChanges@resource://services-settings/remote-settings.js:721:13

JavaScript warning: https://mcmp.suning.com/mcmp/webstatic/js/plugins/tinymce/js/plugins/preview/plugin.min.js, line 12: unreachable code after return statement
console.error: BroadcastService: 
  receivedBroadcastMessage: handler for
  remote-settings/monitor_changes
  threw error:
  Message: Error: Polling for changes failed: NetworkError when attempting to fetch resource..
  Stack:
    remoteSettingsFunction/remoteSettings.pollChanges@resource://services-settings/remote-settings.js:721:13

[Child 9116, Chrome_ChildThread] WARNING: pipe error: 109: file z:/build/build/src/ipc/chromium/src/chrome/common/ipc_channel_win.cc, line 346
[Child 9116, Chrome_ChildThread] WARNING: pipe error: 109: file z:/build/build/src/ipc/chromium/src/chrome/common/ipc_channel_win.cc, line 346
1542762899630	Marionette	INFO	Stopped listening on port 59877

###!!! [Child][MessageChannel::SendAndWait] Error: Channel error: cannot send/recv

1542765153067	mozrunner::runner	INFO	Running command: "C:\\Program Files\\Mozilla Firefox\\firefox.exe" "-marionette" "-foreground" "-no-remote" "-profile" "C:\\Users\\qwzhang\\AppData\\Local\\Temp\\rust_mozprofile.w2OTln7Lk4uF"
1542765160377	Marionette	INFO	Listening on port 50841
1542765160621	Marionette	WARN	TLS certificate errors will be ignored for this session
console.error: BroadcastService: 
  receivedBroadcastMessage: handler for
  remote-settings/monitor_changes
  threw error:
  Message: Error: Polling for changes failed: NetworkError when attempting to fetch resource..
  Stack:
    remoteSettingsFunction/remoteSettings.pollChanges@resource://services-settings/remote-settings.js:721:13

JavaScript warning: https://mcmp.suning.com/mcmp/webstatic/js/plugins/tinymce/js/plugins/preview/plugin.min.js, line 12: unreachable code after return statement
1542775426509	Marionette	INFO	Stopped listening on port 50841

###!!! [Child][MessageChannel::SendAndWait] Error: Channel error: cannot send/recv

1542775446991	mozrunner::runner	INFO	Running command: "C:\\Program Files\\Mozilla Firefox\\firefox.exe" "-marionette" "-foreground" "-no-remote" "-profile" "C:\\Users\\qwzhang\\AppData\\Local\\Temp\\rust_mozprofile.GyEvduxhHfSY"
1542775453692	Marionette	INFO	Listening on port 54256
1542775453911	Marionette	WARN	TLS certificate errors will be ignored for this session
console.error: BroadcastService: 
  receivedBroadcastMessage: handler for
  remote-settings/monitor_changes
  threw error:
  Message: Error: Polling for changes failed: NetworkError when attempting to fetch resource..
  Stack:
    remoteSettingsFunction/remoteSettings.pollChanges@resource://services-settings/remote-settings.js:721:13

JavaScript warning: https://mcmp.suning.com/mcmp/webstatic/js/plugins/tinymce/js/plugins/preview/plugin.min.js, line 12: unreachable code after return statement
1542778932067	mozrunner::runner	INFO	Running command: "C:\\Program Files\\Mozilla Firefox\\firefox.exe" "-marionette" "-foreground" "-no-remote" "-profile" "C:\\Users\\qwzhang\\AppData\\Local\\Temp\\rust_mozprofile.TB3mYabxk8g8"
1542778938696	Marionette	INFO	Listening on port 55787
1542778938841	Marionette	WARN	TLS certificate errors will be ignored for this session
console.error: BroadcastService: 
  receivedBroadcastMessage: handler for
  remote-settings/monitor_changes
  threw error:
  Message: Error: Polling for changes failed: NetworkError when attempting to fetch resource..
  Stack:
    remoteSettingsFunction/remoteSettings.pollChanges@resource://services-settings/remote-settings.js:721:13

JavaScript warning: https://mcmp.suning.com/mcmp/webstatic/js/plugins/tinymce/js/plugins/preview/plugin.min.js, line 12: unreachable code after return statement
[Child 17076, Chrome_ChildThread] WARNING: pipe error: 109: file z:/build/build/src/ipc/chromium/src/chrome/common/ipc_channel_win.cc, line 346
[Child 17076, Chrome_ChildThread] WARNING: pipe error: 109: file z:/build/build/src/ipc/chromium/src/chrome/common/ipc_channel_win.cc, line 346
IPDL protocol error: Handler returned error code!

###!!! [Parent][DispatchAsyncMessage] Error: PLayerTransaction::Msg_ReleaseLayer Processing error: message was deserialized, but the handler returned false (indicating failure)

[Child 16104, Chrome_ChildThread] WARNING: pipe error: 109: file z:/build/build/src/ipc/chromium/src/chrome/common/ipc_channel_win.cc, line 346
1542779188333	Marionette	INFO	Stopped listening on port 55787

###!!! [Child][MessageChannel::SendAndWait] Error: Channel error: cannot send/recv

